<?xml version="1.0" encoding="UTF-8"?>
<testsuite xmlns:xsi="http://www.w3.org/2001/XMLSchema-instance" xsi:noNamespaceSchemaLocation="https://maven.apache.org/surefire/maven-surefire-plugin/xsd/surefire-test-report-3.0.xsd" version="3.0" name="test.TestCalculadora" time="0.034" tests="4" errors="0" skipped="0" failures="0">
  <properties>
    <property name="java.specification.version" value="23"/>
    <property name="sun.cpu.isalist" value="amd64"/>
    <property name="sun.jnu.encoding" value="UTF-8"/>
    <property name="java.class.path" value="C:\Users\Eduardo Deeke\OneDrive\Documentos\.Ed\UniSul\Gestão e Qualidade de Softwares\Codigo\calculadora_ci\target\test-classes;C:\Users\Eduardo Deeke\OneDrive\Documentos\.Ed\UniSul\Gestão e Qualidade de Softwares\Codigo\calculadora_ci\target\classes;C:\Users\Eduardo Deeke\.m2\repository\org\junit\jupiter\junit-jupiter-api\5.9.0-M1\junit-jupiter-api-5.9.0-M1.jar;C:\Users\Eduardo Deeke\.m2\repository\org\opentest4j\opentest4j\1.2.0\opentest4j-1.2.0.jar;C:\Users\Eduardo Deeke\.m2\repository\org\junit\platform\junit-platform-commons\1.9.0-M1\junit-platform-commons-1.9.0-M1.jar;C:\Users\Eduardo Deeke\.m2\repository\org\apiguardian\apiguardian-api\1.1.2\apiguardian-api-1.1.2.jar;C:\Users\Eduardo Deeke\.m2\repository\org\junit\jupiter\junit-jupiter-engine\5.9.0-M1\junit-jupiter-engine-5.9.0-M1.jar;C:\Users\Eduardo Deeke\.m2\repository\org\junit\platform\junit-platform-engine\1.9.0-M1\junit-platform-engine-1.9.0-M1.jar;"/>
    <property name="java.vm.vendor" value="Oracle Corporation"/>
    <property name="sun.arch.data.model" value="64"/>
    <property name="user.variant" value=""/>
    <property name="java.vendor.url" value="https://java.oracle.com/"/>
    <property name="user.timezone" value="America/Sao_Paulo"/>
    <property name="os.name" value="Windows 11"/>
    <property name="java.vm.specification.version" value="23"/>
    <property name="sun.java.launcher" value="SUN_STANDARD"/>
    <property name="user.country" value="BR"/>
    <property name="sun.boot.library.path" value="C:\Program Files\Java\jdk-23.0.1\bin"/>
    <property name="sun.java.command" value="C:\Users\Eduardo Deeke\AppData\Local\Temp\surefire2082548495427390057\surefirebooter-20251027204403213_3.jar C:\Users\Eduardo Deeke\AppData\Local\Temp\surefire2082548495427390057 2025-10-27T20-44-02_586-jvmRun1 surefire-20251027204403213_1tmp surefire_0-20251027204403213_2tmp"/>
    <property name="jdk.debug" value="release"/>
    <property name="surefire.test.class.path" value="C:\Users\Eduardo Deeke\OneDrive\Documentos\.Ed\UniSul\Gestão e Qualidade de Softwares\Codigo\calculadora_ci\target\test-classes;C:\Users\Eduardo Deeke\OneDrive\Documentos\.Ed\UniSul\Gestão e Qualidade de Softwares\Codigo\calculadora_ci\target\classes;C:\Users\Eduardo Deeke\.m2\repository\org\junit\jupiter\junit-jupiter-api\5.9.0-M1\junit-jupiter-api-5.9.0-M1.jar;C:\Users\Eduardo Deeke\.m2\repository\org\opentest4j\opentest4j\1.2.0\opentest4j-1.2.0.jar;C:\Users\Eduardo Deeke\.m2\repository\org\junit\platform\junit-platform-commons\1.9.0-M1\junit-platform-commons-1.9.0-M1.jar;C:\Users\Eduardo Deeke\.m2\repository\org\apiguardian\apiguardian-api\1.1.2\apiguardian-api-1.1.2.jar;C:\Users\Eduardo Deeke\.m2\repository\org\junit\jupiter\junit-jupiter-engine\5.9.0-M1\junit-jupiter-engine-5.9.0-M1.jar;C:\Users\Eduardo Deeke\.m2\repository\org\junit\platform\junit-platform-engine\1.9.0-M1\junit-platform-engine-1.9.0-M1.jar;"/>
    <property name="sun.cpu.endian" value="little"/>
    <property name="user.home" value="C:\Users\Eduardo Deeke"/>
    <property name="user.language" value="pt"/>
    <property name="java.specification.vendor" value="Oracle Corporation"/>
    <property name="java.version.date" value="2024-10-15"/>
    <property name="java.home" value="C:\Program Files\Java\jdk-23.0.1"/>
    <property name="file.separator" value="\"/>
    <property name="basedir" value="C:\Users\Eduardo Deeke\OneDrive\Documentos\.Ed\UniSul\Gestão e Qualidade de Softwares\Codigo\calculadora_ci"/>
    <property name="java.vm.compressedOopsMode" value="Zero based"/>
    <property name="line.separator" value="&#10;"/>
    <property name="java.vm.specification.vendor" value="Oracle Corporation"/>
    <property name="java.specification.name" value="Java Platform API Specification"/>
    <property name="surefire.real.class.path" value="C:\Users\Eduardo Deeke\AppData\Local\Temp\surefire2082548495427390057\surefirebooter-20251027204403213_3.jar"/>
    <property name="user.script" value=""/>
    <property name="sun.management.compiler" value="HotSpot 64-Bit Tiered Compilers"/>
    <property name="java.runtime.version" value="23.0.1+11-39"/>
    <property name="user.name" value="Eduardo Deeke"/>
    <property name="stdout.encoding" value="UTF-8"/>
    <property name="path.separator" value=";"/>
    <property name="os.version" value="10.0"/>
    <property name="java.runtime.name" value="OpenJDK Runtime Environment"/>
    <property name="file.encoding" value="UTF-8"/>
    <property name="java.vm.name" value="OpenJDK 64-Bit Server VM"/>
    <property name="localRepository" value="C:\Users\Eduardo Deeke\.m2\repository"/>
    <property name="java.vendor.url.bug" value="https://bugreport.java.com/bugreport/"/>
    <property name="java.io.tmpdir" value="C:\Users\EDUARD~1\AppData\Local\Temp\"/>
    <property name="java.version" value="23.0.1"/>
    <property name="user.dir" value="C:\Users\Eduardo Deeke\OneDrive\Documentos\.Ed\UniSul\Gestão e Qualidade de Softwares\Codigo\calculadora_ci"/>
    <property name="os.arch" value="amd64"/>
    <property name="java.vm.specification.name" value="Java Virtual Machine Specification"/>
    <property name="sun.os.patch.level" value=""/>
    <property name="native.encoding" value="UTF-8"/>
    <property name="java.library.path" value="C:\Program Files\Java\jdk-23.0.1\bin;C:\WINDOWS\Sun\Java\bin;C:\WINDOWS\system32;C:\WINDOWS;C:\Program Files\Common Files\Oracle\Java\javapath;C:\Windows\system32;C:\Windows;C:\Windows\System32\Wbem;C:\Windows\System32\WindowsPowerShell\v1.0\;C:\Windows\System32\OpenSSH\;C:\WINDOWS\system32;C:\WINDOWS;C:\WINDOWS\System32\Wbem;C:\WINDOWS\System32\WindowsPowerShell\v1.0\;C:\WINDOWS\System32\OpenSSH\;C:\Program Files\dotnet\;C:\Program Files\Git\cmd;C:\Program Files\Java\jdk-23.0.1\bin;C:\ProgramData\ComposerSetup\bin;C:\Program Files\nodejs\;C:\xampp\php;C:\Program Files\PuTTY\;C:\Program Files\NVIDIA Corporation\NVIDIA app\NvDLISR;C:\Users\Eduardo Deeke\.config\herd\bin\nvm;C:\Program Files\nodejs;C:\Program Files\Docker\Docker\resources\bin;C:\Program Files (x86)\NVIDIA Corporation\PhysX\Common;C:\Program Files\Apache\maven\apache-maven-3.9.11\bin;C:\Users\Eduardo Deeke\.config\herd\bin;C:\Program Files\MySQL\MySQL Shell 8.0\bin\;C:\Users\Eduardo Deeke\AppData\Local\Programs\Python\Python312\Scripts\;C:\Users\Eduardo Deeke\AppData\Local\Programs\Python\Python312\;C:\Users\Eduardo Deeke\AppData\Local\Programs\Python\Launcher\;C:\Users\Eduardo Deeke\AppData\Local\Microsoft\WindowsApps;C:\Users\Eduardo Deeke\AppData\Local\Programs\Microsoft VS Code\bin;C:\Users\Eduardo Deeke\AppData\Roaming\Composer\vendor\bin;C:\Users\Eduardo Deeke\AppData\Roaming\npm;C:\xampp\php;c:\Users\Eduardo Deeke\AppData\Roaming\Code\User\globalStorage\github.copilot-chat\debugCommand;."/>
    <property name="java.vm.info" value="mixed mode, sharing"/>
    <property name="stderr.encoding" value="UTF-8"/>
    <property name="java.vendor" value="Oracle Corporation"/>
    <property name="java.vm.version" value="23.0.1+11-39"/>
    <property name="sun.io.unicode.encoding" value="UnicodeLittle"/>
    <property name="java.class.version" value="67.0"/>
  </properties>
  <testcase name="testGetDiferenca" classname="test.TestCalculadora" time="0.018"/>
  <testcase name="testGetQuociente" classname="test.TestCalculadora" time="0.001"/>
  <testcase name="testGetSoma" classname="test.TestCalculadora" time="0.001"/>
  <testcase name="testGetProduto" classname="test.TestCalculadora" time="0.001"/>
</testsuite>